<?xml version="1.0" encoding="UTF-8"?>
<!-- Generated by org.testng.reporters.JUnitReportReporter -->
<testsuite hostname="liut44194" failures="0" tests="1" name="testCases.user.CT006_LogOutTest" time="2.461" errors="0" timestamp="2025-01-18T20:34:01 PST" skipped="0">
  <testcase classname="testCases.user.CT006_LogOutTest" name="LogOutFromMyAccount" time="2.461"/>
</testsuite> <!-- testCases.user.CT006_LogOutTest -->
