<?xml version="1.0" encoding="UTF-8"?>
<!-- Generated by org.testng.reporters.JUnitReportReporter -->
<testsuite hostname="liut44194" failures="0" tests="1" name="testCases.cart.TC_ATC_001_AddProductToCartFromProductPage" time="2.235" errors="0" timestamp="2025-01-14T17:01:39 PST" skipped="0">
  <testcase classname="testCases.cart.TC_ATC_001_AddProductToCartFromProductPage" name="AddProductToCartFromProductPage" time="2.235"/>
</testsuite> <!-- testCases.cart.TC_ATC_001_AddProductToCartFromProductPage -->
