<?xml version="1.0" encoding="UTF-8"?>
<!-- Generated by org.testng.reporters.JUnitReportReporter -->
<testsuite hostname="liut44194" failures="0" tests="1" name="testCases.user.CT005_LoginWithInvalidCredentials" time="1.677" errors="0" timestamp="2025-01-09T15:28:28 PST" skipped="0">
  <testcase classname="testCases.user.CT005_LoginWithInvalidCredentials" name="LoginWithInvalidCredentials" time="1.677"/>
</testsuite> <!-- testCases.user.CT005_LoginWithInvalidCredentials -->
