<?xml version="1.0" encoding="UTF-8"?>
<!-- Generated by org.testng.reporters.JUnitReportReporter -->
<testsuite hostname="liut44194" failures="0" tests="1" name="testCases.user.TC_LG_002_LogOutFromRightColumnOptions" time="2.851" errors="0" timestamp="2025-01-19T15:20:58 PST" skipped="0">
  <testcase classname="testCases.user.TC_LG_002_LogOutFromRightColumnOptions" name="LogOutFromMyAccount" time="2.851"/>
</testsuite> <!-- testCases.user.TC_LG_002_LogOutFromRightColumnOptions -->
