<?xml version="1.0" encoding="UTF-8"?>
<!-- Generated by org.testng.reporters.JUnitReportReporter -->
<testsuite hostname="liut44194" failures="0" tests="1" name="testCases.product.TC_SF_001_SearchingExistingProductName" time="0.742" errors="0" timestamp="2025-01-18T20:34:01 PST" skipped="0">
  <testcase classname="testCases.product.TC_SF_001_SearchingExistingProductName" name="SearchingExistingProduct" time="0.742"/>
</testsuite> <!-- testCases.product.TC_SF_001_SearchingExistingProductName -->
