<?xml version="1.0" encoding="UTF-8"?>
<!-- Generated by org.testng.reporters.JUnitReportReporter -->
<testsuite hostname="liut44194" failures="0" tests="1" name="testCases.checkout.TC_CO_001NavigatingToCheckoutWithNoProductsInCart" time="0.909" errors="0" timestamp="2025-01-14T17:26:07 PST" skipped="0">
  <testcase classname="testCases.checkout.TC_CO_001NavigatingToCheckoutWithNoProductsInCart" name="NavigatingToCheckoutWithNoProductsInCart" time="0.909"/>
</testsuite> <!-- testCases.checkout.TC_CO_001NavigatingToCheckoutWithNoProductsInCart -->
