<?xml version="1.0" encoding="UTF-8"?>
<!-- Generated by org.testng.reporters.JUnitReportReporter -->
<testsuite hostname="liut44194" failures="0" tests="1" name="testCases.user.CT004_DifferentWayNavigateToRegistrationPage" time="2.354" errors="0" timestamp="2025-01-18T20:34:01 PST" skipped="0">
  <testcase classname="testCases.user.CT004_DifferentWayNavigateToRegistrationPage" name="NavigateToRegistrationPage" time="2.354"/>
</testsuite> <!-- testCases.user.CT004_DifferentWayNavigateToRegistrationPage -->
