<?xml version="1.0" encoding="UTF-8"?>
<!-- Generated by org.testng.reporters.JUnitReportReporter -->
<testsuite hostname="liut44194" failures="0" tests="1" name="testCases.product.TC_SF_001_SearchingExistingProductName" time="0.974" errors="0" timestamp="2025-01-11T20:24:56 PST" skipped="0">
  <testcase classname="testCases.product.TC_SF_001_SearchingExistingProductName" name="SearchingExistingProduct" time="0.974"/>
</testsuite> <!-- testCases.product.TC_SF_001_SearchingExistingProductName -->
