<?xml version="1.0" encoding="UTF-8"?>
<!-- Generated by org.testng.reporters.JUnitReportReporter -->
<testsuite hostname="liut44194" failures="0" tests="1" name="testCases.CT004_DifferentWayNavigateToRegistrationPage" time="2.533" errors="0" timestamp="2025-01-04T14:44:22 PST" skipped="0">
  <testcase classname="testCases.CT004_DifferentWayNavigateToRegistrationPage" name="NavigateToRegistrationPage" time="2.533"/>
</testsuite> <!-- testCases.CT004_DifferentWayNavigateToRegistrationPage -->
