<?xml version="1.0" encoding="UTF-8"?>
<!-- Generated by org.testng.reporters.JUnitReportReporter -->
<testsuite hostname="liut44194" failures="0" tests="1" name="testCases.user.TC_FP_005_ResettingPasswordForNon_registeredAccount" time="1.882" errors="0" timestamp="2025-01-25T17:30:12 PST" skipped="0">
  <testcase classname="testCases.user.TC_FP_005_ResettingPasswordForNon_registeredAccount" name="EmailIsSentResetingPassword" time="1.882"/>
</testsuite> <!-- testCases.user.TC_FP_005_ResettingPasswordForNon_registeredAccount -->
