<?xml version="1.0" encoding="UTF-8"?>
<!-- Generated by org.testng.reporters.JUnitReportReporter -->
<testsuite hostname="liut44194" failures="0" tests="1" name="testCases.CT005_LoginWithInvalidCredentials" time="1.524" errors="0" timestamp="2025-01-06T20:46:50 PST" skipped="0">
  <testcase classname="testCases.CT005_LoginWithInvalidCredentials" name="LoginWithInvalidCredentials" time="1.524"/>
</testsuite> <!-- testCases.CT005_LoginWithInvalidCredentials -->
