<?xml version="1.0" encoding="UTF-8"?>
<!-- Generated by org.testng.reporters.JUnitReportReporter -->
<testsuite hostname="liut44194" failures="0" tests="1" name="testCases.user.TC_FP_005_ResettingPasswordForNon_registeredAccount" time="2.012" errors="0" timestamp="2025-01-19T20:05:03 PST" skipped="0">
  <testcase classname="testCases.user.TC_FP_005_ResettingPasswordForNon_registeredAccount" name="EmailIsSentResetingPassword" time="2.012"/>
</testsuite> <!-- testCases.user.TC_FP_005_ResettingPasswordForNon_registeredAccount -->
