<?xml version="1.0" encoding="UTF-8"?>
<!-- Generated by org.testng.reporters.JUnitReportReporter -->
<testsuite hostname="liut44194" failures="0" tests="1" name="testCases.checkout.TC_CO_001NavigatingToCheckoutWithNoProductsInCart" time="0.521" errors="0" timestamp="2025-01-18T20:34:01 PST" skipped="0">
  <testcase classname="testCases.checkout.TC_CO_001NavigatingToCheckoutWithNoProductsInCart" name="NavigatingToCheckoutWithNoProductsInCart" time="0.521"/>
</testsuite> <!-- testCases.checkout.TC_CO_001NavigatingToCheckoutWithNoProductsInCart -->
