<?xml version="1.0" encoding="UTF-8"?>
<!-- Generated by org.testng.reporters.JUnitReportReporter -->
<testsuite hostname="liut44194" failures="0" tests="1" name="testCases.cart.TC_ATC_001_AddProductToCartFromProductPage" time="2.191" errors="0" timestamp="2025-01-18T20:34:01 PST" skipped="0">
  <testcase classname="testCases.cart.TC_ATC_001_AddProductToCartFromProductPage" name="AddProductToCartFromProductPage" time="2.191"/>
</testsuite> <!-- testCases.cart.TC_ATC_001_AddProductToCartFromProductPage -->
