<?xml version="1.0" encoding="UTF-8"?>
<!-- Generated by org.testng.reporters.JUnitReportReporter -->
<testsuite hostname="liut44194" failures="0" tests="1" name="testCases.order.TC_OH_007_ValidateContinueButtonInOrderHistory" time="2.334" errors="0" timestamp="2025-01-18T20:34:01 PST" skipped="0">
  <testcase classname="testCases.order.TC_OH_007_ValidateContinueButtonInOrderHistory" name="ValidateContinueButtonInOrderHistory" time="2.334"/>
</testsuite> <!-- testCases.order.TC_OH_007_ValidateContinueButtonInOrderHistory -->
