<?xml version="1.0" encoding="UTF-8"?>
<!-- Generated by org.testng.reporters.JUnitReportReporter -->
<testsuite hostname="liut44194" failures="0" tests="1" name="testCases.user.CT002_LoginTest" time="1.827" errors="0" timestamp="2025-01-18T20:34:01 PST" skipped="0">
  <testcase classname="testCases.user.CT002_LoginTest" name="testLogin" time="1.827"/>
</testsuite> <!-- testCases.user.CT002_LoginTest -->
