<?xml version="1.0" encoding="UTF-8"?>
<!-- Generated by org.testng.reporters.JUnitReportReporter -->
<testsuite hostname="liut44194" failures="0" tests="1" name="testCases.user.CT007_ForgottenPasswordEmailIsSent" time="4.065" errors="0" timestamp="2025-01-09T16:59:33 PST" skipped="0">
  <testcase classname="testCases.user.CT007_ForgottenPasswordEmailIsSent" name="EmailIsSentResetingPassword" time="4.065"/>
</testsuite> <!-- testCases.user.CT007_ForgottenPasswordEmailIsSent -->
