<?xml version="1.0" encoding="UTF-8"?>
<!-- Generated by org.testng.reporters.JUnitReportReporter -->
<testsuite hostname="liut44194" failures="0" tests="1" name="testCases.CT005_LoginWithInvalidCredentials" time="2.981" errors="0" timestamp="2025-01-04T16:55:11 PST" skipped="0">
  <testcase classname="testCases.CT005_LoginWithInvalidCredentials" name="LoginWithInvalidCredentials" time="2.981"/>
</testsuite> <!-- testCases.CT005_LoginWithInvalidCredentials -->
