<?xml version="1.0" encoding="UTF-8"?>
<!-- Generated by org.testng.reporters.JUnitReportReporter -->
<testsuite hostname="liut44194" failures="0" tests="1" name="testCases.CT001_AccountRegistrationTest" time="4.373" errors="0" timestamp="2025-01-04T14:11:55 PST" skipped="0">
  <testcase classname="testCases.CT001_AccountRegistrationTest" name="testRegistration" time="4.373"/>
</testsuite> <!-- testCases.CT001_AccountRegistrationTest -->
